<?xml version="1.0" encoding="UTF-8"?>
<testsuite name="Task2FibonacciTest" tests="4" skipped="0" failures="0" errors="0" timestamp="2020-04-10T20:43:14" hostname="endless" time="0.015">
  <properties/>
  <testcase name="testFibonacci1" classname="Task2FibonacciTest" time="0.005"/>
  <testcase name="testFibonacci2" classname="Task2FibonacciTest" time="0.0"/>
  <testcase name="testFibonacci3" classname="Task2FibonacciTest" time="0.004"/>
  <testcase name="testFibonacci4" classname="Task2FibonacciTest" time="0.001"/>
  <system-out><![CDATA[]]></system-out>
  <system-err><![CDATA[]]></system-err>
</testsuite>
