<?xml version="1.0" encoding="UTF-8"?>
<testsuite name="Task2DateFormatterTest" tests="5" skipped="0" failures="0" errors="0" timestamp="2020-04-10T20:43:14" hostname="endless" time="0.015">
  <properties/>
  <testcase name="testDateFormatter1" classname="Task2DateFormatterTest" time="0.003"/>
  <testcase name="testDateFormatter2" classname="Task2DateFormatterTest" time="0.001"/>
  <testcase name="testDateFormatter3" classname="Task2DateFormatterTest" time="0.001"/>
  <testcase name="testDateFormatter4" classname="Task2DateFormatterTest" time="0.002"/>
  <testcase name="testDateFormatter5" classname="Task2DateFormatterTest" time="0.003"/>
  <system-out><![CDATA[]]></system-out>
  <system-err><![CDATA[]]></system-err>
</testsuite>
