<?xml version="1.0" encoding="UTF-8"?>
<testsuite name="Task2TimeConverterTest" tests="8" skipped="0" failures="0" errors="0" timestamp="2020-04-10T20:43:14" hostname="endless" time="0.018">
  <properties/>
  <testcase name="testTimeConverter1" classname="Task2TimeConverterTest" time="0.0"/>
  <testcase name="testTimeConverter2" classname="Task2TimeConverterTest" time="0.0"/>
  <testcase name="testTimeConverter3" classname="Task2TimeConverterTest" time="0.001"/>
  <testcase name="testTimeConverter4" classname="Task2TimeConverterTest" time="0.001"/>
  <testcase name="testTimeConverter5" classname="Task2TimeConverterTest" time="0.001"/>
  <testcase name="testTimeConverter6" classname="Task2TimeConverterTest" time="0.001"/>
  <testcase name="testTimeConverter7" classname="Task2TimeConverterTest" time="0.001"/>
  <testcase name="testTimeConverter8" classname="Task2TimeConverterTest" time="0.002"/>
  <system-out><![CDATA[]]></system-out>
  <system-err><![CDATA[]]></system-err>
</testsuite>
