<?xml version="1.0" encoding="UTF-8"?>
<testsuite name="Task2AbbreviationTest" tests="5" skipped="0" failures="0" errors="0" timestamp="2020-04-10T20:43:14" hostname="endless" time="0.008">
  <properties/>
  <testcase name="testAbbreviation1" classname="Task2AbbreviationTest" time="0.003"/>
  <testcase name="testAbbreviation2" classname="Task2AbbreviationTest" time="0.0"/>
  <testcase name="testAbbreviation3" classname="Task2AbbreviationTest" time="0.0"/>
  <testcase name="testAbbreviation4" classname="Task2AbbreviationTest" time="0.0"/>
  <testcase name="testAbbreviation5" classname="Task2AbbreviationTest" time="0.0"/>
  <system-out><![CDATA[]]></system-out>
  <system-err><![CDATA[]]></system-err>
</testsuite>
